<?xml version="1.0" encoding="UTF-8"?>
<!-- Generated by org.testng.reporters.JUnitReportReporter -->
<testsuite skipped="0" hostname="DESKTOP-CMANQCD" name="com.learningmaven.maven.AppiumTest" tests="2" failures="0" timestamp="2020-08-24T20:31:56 PDT" time="0.029" errors="0">
  <testcase name="iosapps" time="0.026" classname="com.learningmaven.maven.AppiumTest"/>
  <testcase name="nativeapps" time="0.003" classname="com.learningmaven.maven.AppiumTest"/>
</testsuite> <!-- com.learningmaven.maven.AppiumTest -->
